2015-04-24 11:40:59,686 - [INFO] - from play in pool-4-thread-5 
Listening for HTTP on /0:0:0:0:0:0:0:0:80

2015-04-24 15:10:07,543 - [INFO] - from play in play-internal-execution-context-1 
database [default] connected at jdbc:mysql://127.0.0.1:3306/subjectbook?characterEncoding=UTF-8

2015-04-24 15:10:08,378 - [INFO] - from play in play-internal-execution-context-1 
Application started (Dev)

2015-04-24 15:10:09,263 - [INFO] - from application in play-akka.actor.default-dispatcher-3 
Show Study Number: 1

2015-04-24 15:11:52,081 - [INFO] - from application in play-akka.actor.default-dispatcher-2 
Show Subject Number: T001 For Study: 1

2015-04-24 15:11:58,068 - [DEBUG] - from application in play-akka.actor.default-dispatcher-2 
Download the signal from Google Drive, Signal Type is: 4

2015-04-24 15:11:58,069 - [DEBUG] - from application in play-akka.actor.default-dispatcher-11 
Download the signal from Google Drive, Signal Type is: 1

2015-04-24 15:11:58,759 - [DEBUG] - from application in play-akka.actor.default-dispatcher-14 
Download the signal from Google Drive, Signal Type is: 3

2015-04-24 15:11:59,020 - [DEBUG] - from application in play-akka.actor.default-dispatcher-17 
Download the signal from Google Drive, Signal Type is: 5

2015-04-24 15:12:00,913 - [DEBUG] - from application in play-akka.actor.default-dispatcher-2 
After getting the file as Inputstream from Google Drive

2015-04-24 15:12:00,916 - [INFO] - from application in play-akka.actor.default-dispatcher-2 
Try to read from excel file without activity

2015-04-24 15:12:01,210 - [DEBUG] - from application in play-akka.actor.default-dispatcher-11 
After getting the file as Inputstream from Google Drive

2015-04-24 15:12:01,211 - [INFO] - from application in play-akka.actor.default-dispatcher-11 
Try to read from excel file without activity

2015-04-24 15:12:01,698 - [DEBUG] - from application in play-akka.actor.default-dispatcher-14 
After getting the file as Inputstream from Google Drive

2015-04-24 15:12:01,705 - [INFO] - from application in play-akka.actor.default-dispatcher-14 
Try to read from excel file without activity

2015-04-24 15:12:01,714 - [INFO] - from application in play-akka.actor.default-dispatcher-2 
Before Entering the loop that will build the header

2015-04-24 15:12:01,743 - [INFO] - from application in play-akka.actor.default-dispatcher-2 
After getting the header

2015-04-24 15:12:01,744 - [INFO] - from application in play-akka.actor.default-dispatcher-2 
Before Entering the loop that will build the Content

2015-04-24 15:12:01,797 - [INFO] - from application in play-akka.actor.default-dispatcher-2 
After getting Content

2015-04-24 15:12:01,833 - [INFO] - from application in play-akka.actor.default-dispatcher-2 
Time spent in method fromExcelInput is :897250700

2015-04-24 15:12:02,029 - [INFO] - from application in play-akka.actor.default-dispatcher-14 
Before Entering the loop that will build the header

2015-04-24 15:12:02,030 - [INFO] - from application in play-akka.actor.default-dispatcher-14 
After getting the header

2015-04-24 15:12:02,031 - [INFO] - from application in play-akka.actor.default-dispatcher-14 
Before Entering the loop that will build the Content

2015-04-24 15:12:02,161 - [INFO] - from application in play-akka.actor.default-dispatcher-14 
After getting Content

2015-04-24 15:12:02,241 - [INFO] - from application in play-akka.actor.default-dispatcher-14 
Time spent in method fromExcelInput is :535606700

2015-04-24 15:12:02,535 - [DEBUG] - from application in play-akka.actor.default-dispatcher-17 
After getting the file as Inputstream from Google Drive

2015-04-24 15:12:02,538 - [INFO] - from application in play-akka.actor.default-dispatcher-17 
Try to read from excel file without activity

2015-04-24 15:12:03,553 - [INFO] - from application in play-akka.actor.default-dispatcher-11 
Before Entering the loop that will build the header

2015-04-24 15:12:03,563 - [INFO] - from application in play-akka.actor.default-dispatcher-11 
After getting the header

2015-04-24 15:12:03,565 - [INFO] - from application in play-akka.actor.default-dispatcher-11 
Before Entering the loop that will build the Content

2015-04-24 15:12:03,781 - [INFO] - from application in play-akka.actor.default-dispatcher-11 
After getting Content

2015-04-24 15:12:03,890 - [INFO] - from application in play-akka.actor.default-dispatcher-11 
Time spent in method fromExcelInput is :2664749400

2015-04-24 15:12:06,868 - [INFO] - from application in play-akka.actor.default-dispatcher-11 
Open The info File with URL: 0BzuoB3uc0tTVNi0yekR5YUM3MWc

2015-04-24 15:12:06,969 - [INFO] - from application in play-akka.actor.default-dispatcher-17 
Before Entering the loop that will build the header

2015-04-24 15:12:06,974 - [INFO] - from application in play-akka.actor.default-dispatcher-17 
After getting the header

2015-04-24 15:12:06,976 - [INFO] - from application in play-akka.actor.default-dispatcher-17 
Before Entering the loop that will build the Content

2015-04-24 15:12:07,906 - [INFO] - from application in play-akka.actor.default-dispatcher-17 
After getting Content

2015-04-24 15:12:08,653 - [INFO] - from application in play-akka.actor.default-dispatcher-17 
Time spent in method fromExcelInput is :6114876000

2015-04-24 15:12:21,065 - [INFO] - from application in play-akka.actor.default-dispatcher-14 
Show Subject Number: T002 For Study: 1

2015-04-24 15:12:22,119 - [DEBUG] - from application in play-akka.actor.default-dispatcher-15 
Download the signal from Google Drive, Signal Type is: 2

2015-04-24 15:12:22,535 - [DEBUG] - from application in play-akka.actor.default-dispatcher-14 
Download the signal from Google Drive, Signal Type is: 1

2015-04-24 15:12:22,822 - [DEBUG] - from application in play-akka.actor.default-dispatcher-20 
Download the signal from Google Drive, Signal Type is: 3

2015-04-24 15:12:23,079 - [DEBUG] - from application in play-akka.actor.default-dispatcher-16 
Download the signal from Google Drive, Signal Type is: 4

2015-04-24 15:12:23,992 - [DEBUG] - from application in play-akka.actor.default-dispatcher-16 
After getting the file as Inputstream from Google Drive

2015-04-24 15:12:23,993 - [INFO] - from application in play-akka.actor.default-dispatcher-16 
Try to read from excel file without activity

2015-04-24 15:12:24,014 - [INFO] - from application in play-akka.actor.default-dispatcher-16 
Before Entering the loop that will build the header

2015-04-24 15:12:24,016 - [INFO] - from application in play-akka.actor.default-dispatcher-16 
After getting the header

2015-04-24 15:12:24,017 - [INFO] - from application in play-akka.actor.default-dispatcher-16 
Before Entering the loop that will build the Content

2015-04-24 15:12:24,031 - [INFO] - from application in play-akka.actor.default-dispatcher-16 
After getting Content

2015-04-24 15:12:24,033 - [INFO] - from application in play-akka.actor.default-dispatcher-16 
Time spent in method fromExcelInput is :39213700

2015-04-24 15:12:24,247 - [DEBUG] - from application in play-akka.actor.default-dispatcher-14 
After getting the file as Inputstream from Google Drive

2015-04-24 15:12:24,340 - [INFO] - from application in play-akka.actor.default-dispatcher-14 
Try to read from excel file without activity

2015-04-24 15:12:24,908 - [DEBUG] - from application in play-akka.actor.default-dispatcher-20 
After getting the file as Inputstream from Google Drive

2015-04-24 15:12:24,915 - [INFO] - from application in play-akka.actor.default-dispatcher-20 
Try to read from excel file without activity

2015-04-24 15:12:25,020 - [INFO] - from application in play-akka.actor.default-dispatcher-14 
Before Entering the loop that will build the header

2015-04-24 15:12:25,021 - [INFO] - from application in play-akka.actor.default-dispatcher-14 
After getting the header

2015-04-24 15:12:25,092 - [INFO] - from application in play-akka.actor.default-dispatcher-20 
Before Entering the loop that will build the header

2015-04-24 15:12:25,093 - [INFO] - from application in play-akka.actor.default-dispatcher-20 
After getting the header

2015-04-24 15:12:25,094 - [INFO] - from application in play-akka.actor.default-dispatcher-20 
Before Entering the loop that will build the Content

2015-04-24 15:12:25,120 - [INFO] - from application in play-akka.actor.default-dispatcher-20 
After getting Content

2015-04-24 15:12:25,122 - [INFO] - from application in play-akka.actor.default-dispatcher-20 
Time spent in method fromExcelInput is :206296900

2015-04-24 15:12:25,130 - [INFO] - from application in play-akka.actor.default-dispatcher-14 
Before Entering the loop that will build the Content

2015-04-24 15:12:25,205 - [INFO] - from application in play-akka.actor.default-dispatcher-14 
After getting Content

2015-04-24 15:12:25,299 - [INFO] - from application in play-akka.actor.default-dispatcher-14 
Time spent in method fromExcelInput is :957684600

2015-04-24 15:12:25,829 - [DEBUG] - from application in play-akka.actor.default-dispatcher-15 
After getting the file as Inputstream from Google Drive

2015-04-24 15:12:25,829 - [INFO] - from application in play-akka.actor.default-dispatcher-15 
Try to read from excel file without activity

2015-04-24 15:12:26,026 - [INFO] - from application in play-akka.actor.default-dispatcher-15 
Before Entering the loop that will build the header

2015-04-24 15:12:26,026 - [INFO] - from application in play-akka.actor.default-dispatcher-15 
After getting the header

2015-04-24 15:12:26,027 - [INFO] - from application in play-akka.actor.default-dispatcher-15 
Before Entering the loop that will build the Content

2015-04-24 15:12:26,277 - [INFO] - from application in play-akka.actor.default-dispatcher-15 
After getting Content

2015-04-24 15:12:26,280 - [INFO] - from application in play-akka.actor.default-dispatcher-15 
Time spent in method fromExcelInput is :450409000

2015-04-24 15:12:28,356 - [INFO] - from application in play-akka.actor.default-dispatcher-14 
Open The info File with URL: 0BzuoB3uc0tTVbC1aQllWZjlGVGc

2015-04-24 15:12:41,012 - [INFO] - from application in play-akka.actor.default-dispatcher-16 
Show Study Number: 1

2015-04-24 15:12:44,366 - [INFO] - from application in play-akka.actor.default-dispatcher-22 
Show Subject Number: T003 For Study: 1

2015-04-24 15:12:45,392 - [DEBUG] - from application in play-akka.actor.default-dispatcher-21 
Download the signal from Google Drive, Signal Type is: 1

2015-04-24 15:12:45,738 - [DEBUG] - from application in play-akka.actor.default-dispatcher-19 
Download the signal from Google Drive, Signal Type is: 5

2015-04-24 15:12:45,739 - [DEBUG] - from application in play-akka.actor.default-dispatcher-22 
Download the signal from Google Drive, Signal Type is: 3

2015-04-24 15:12:46,281 - [DEBUG] - from application in play-akka.actor.default-dispatcher-18 
Download the signal from Google Drive, Signal Type is: 4

2015-04-24 15:12:47,128 - [DEBUG] - from application in play-akka.actor.default-dispatcher-18 
After getting the file as Inputstream from Google Drive

2015-04-24 15:12:47,138 - [INFO] - from application in play-akka.actor.default-dispatcher-18 
Try to read from excel file without activity

2015-04-24 15:12:47,191 - [INFO] - from application in play-akka.actor.default-dispatcher-18 
Before Entering the loop that will build the header

2015-04-24 15:12:47,197 - [INFO] - from application in play-akka.actor.default-dispatcher-18 
After getting the header

2015-04-24 15:12:47,285 - [INFO] - from application in play-akka.actor.default-dispatcher-18 
Before Entering the loop that will build the Content

2015-04-24 15:12:47,290 - [INFO] - from application in play-akka.actor.default-dispatcher-18 
After getting Content

2015-04-24 15:12:47,293 - [INFO] - from application in play-akka.actor.default-dispatcher-18 
Time spent in method fromExcelInput is :153799900

2015-04-24 15:12:47,305 - [DEBUG] - from application in play-akka.actor.default-dispatcher-21 
After getting the file as Inputstream from Google Drive

2015-04-24 15:12:47,328 - [INFO] - from application in play-akka.actor.default-dispatcher-21 
Try to read from excel file without activity

2015-04-24 15:12:47,704 - [DEBUG] - from application in play-akka.actor.default-dispatcher-22 
After getting the file as Inputstream from Google Drive

2015-04-24 15:12:47,708 - [INFO] - from application in play-akka.actor.default-dispatcher-22 
Try to read from excel file without activity

2015-04-24 15:12:47,786 - [INFO] - from application in play-akka.actor.default-dispatcher-21 
Before Entering the loop that will build the header

2015-04-24 15:12:47,797 - [INFO] - from application in play-akka.actor.default-dispatcher-21 
After getting the header

2015-04-24 15:12:47,825 - [INFO] - from application in play-akka.actor.default-dispatcher-21 
Before Entering the loop that will build the Content

2015-04-24 15:12:47,857 - [INFO] - from application in play-akka.actor.default-dispatcher-21 
After getting Content

2015-04-24 15:12:47,821 - [INFO] - from application in play-akka.actor.default-dispatcher-22 
Before Entering the loop that will build the header

2015-04-24 15:12:47,921 - [INFO] - from application in play-akka.actor.default-dispatcher-22 
After getting the header

2015-04-24 15:12:47,925 - [INFO] - from application in play-akka.actor.default-dispatcher-22 
Before Entering the loop that will build the Content

2015-04-24 15:12:47,937 - [INFO] - from application in play-akka.actor.default-dispatcher-22 
After getting Content

2015-04-24 15:12:47,939 - [INFO] - from application in play-akka.actor.default-dispatcher-22 
Time spent in method fromExcelInput is :228468400

2015-04-24 15:12:47,969 - [INFO] - from application in play-akka.actor.default-dispatcher-21 
Time spent in method fromExcelInput is :639702800

2015-04-24 15:12:48,322 - [DEBUG] - from application in play-akka.actor.default-dispatcher-19 
After getting the file as Inputstream from Google Drive

2015-04-24 15:12:48,323 - [INFO] - from application in play-akka.actor.default-dispatcher-19 
Try to read from excel file without activity

2015-04-24 15:12:48,572 - [INFO] - from application in play-akka.actor.default-dispatcher-21 
Open The info File with URL: 0BzuoB3uc0tTVZEVWSGlveXB5a28

2015-04-24 15:12:49,839 - [INFO] - from application in play-akka.actor.default-dispatcher-19 
Before Entering the loop that will build the header

2015-04-24 15:12:49,841 - [INFO] - from application in play-akka.actor.default-dispatcher-19 
After getting the header

2015-04-24 15:12:49,842 - [INFO] - from application in play-akka.actor.default-dispatcher-19 
Before Entering the loop that will build the Content

2015-04-24 15:12:50,429 - [INFO] - from application in play-akka.actor.default-dispatcher-19 
After getting Content

2015-04-24 15:12:51,425 - [INFO] - from application in play-akka.actor.default-dispatcher-19 
Time spent in method fromExcelInput is :3100130500

2015-04-24 15:58:30,771 - [INFO] - from application in play-akka.actor.default-dispatcher-29 
Refresh token is not empty

2015-04-24 15:58:30,775 - [INFO] - from application in play-akka.actor.default-dispatcher-29 
Store the credentials for: cplsubjectbook@gmail.com

2015-04-24 15:58:30,792 - [INFO] - from application in play-akka.actor.default-dispatcher-29 
access and refresh token has been updated in the database for: cplsubjectbook@gmail.com

2015-04-24 15:58:30,793 - [INFO] - from application in play-akka.actor.default-dispatcher-29 
1

2015-04-24 15:58:30,899 - [INFO] - from application in play-akka.actor.default-dispatcher-29 
LOGIN: {"email":"cplsubjectbook@gmail.com","family_name":"Subjectbook","given_name":"Cpl","id":"108760198166270622526","link":"https://plus.google.com/108760198166270622526","locale":"en","name":"Cpl Subjectbook","picture":"https://lh3.googleusercontent.com/-XdUIqdMkCWA/AAAAAAAAAAI/AAAAAAAAAAA/4252rscbv5M/photo.jpg","verified_email":true}

2015-04-24 16:51:34,881 - [INFO] - from application in play-akka.actor.default-dispatcher-36 
Refresh token is not empty

2015-04-24 16:51:34,882 - [INFO] - from application in play-akka.actor.default-dispatcher-36 
Store the credentials for: malcolmdcosta@gmail.com

2015-04-24 16:51:34,890 - [INFO] - from application in play-akka.actor.default-dispatcher-36 
access and refresh token has been updated in the database for: malcolmdcosta@gmail.com

2015-04-24 16:51:34,890 - [INFO] - from application in play-akka.actor.default-dispatcher-36 
1

2015-04-24 16:51:34,968 - [INFO] - from application in play-akka.actor.default-dispatcher-36 
LOGIN: {"email":"malcolmdcosta@gmail.com","family_name":"Dcosta","gender":"male","given_name":"Malcolm","id":"115827763168153313796","link":"https://plus.google.com/115827763168153313796","locale":"en","name":"Malcolm Dcosta","picture":"https://lh3.googleusercontent.com/-XdUIqdMkCWA/AAAAAAAAAAI/AAAAAAAAAAA/4252rscbv5M/photo.jpg","verified_email":true}

2015-04-24 16:52:02,867 - [INFO] - from application in play-akka.actor.default-dispatcher-45 
Refresh token is not empty

2015-04-24 16:52:02,867 - [INFO] - from application in play-akka.actor.default-dispatcher-45 
Store the credentials for: malcolmdcosta@gmail.com

2015-04-24 16:52:02,876 - [INFO] - from application in play-akka.actor.default-dispatcher-45 
access and refresh token has been updated in the database for: malcolmdcosta@gmail.com

2015-04-24 16:52:02,876 - [INFO] - from application in play-akka.actor.default-dispatcher-45 
1

2015-04-24 16:52:02,950 - [INFO] - from application in play-akka.actor.default-dispatcher-45 
LOGIN: {"email":"malcolmdcosta@gmail.com","family_name":"Dcosta","gender":"male","given_name":"Malcolm","id":"115827763168153313796","link":"https://plus.google.com/115827763168153313796","locale":"en","name":"Malcolm Dcosta","picture":"https://lh3.googleusercontent.com/-XdUIqdMkCWA/AAAAAAAAAAI/AAAAAAAAAAA/4252rscbv5M/photo.jpg","verified_email":true}

2015-04-24 16:52:05,842 - [INFO] - from application in play-akka.actor.default-dispatcher-44 
Show Study Number: 1

2015-04-24 17:42:37,985 - [INFO] - from application in play-akka.actor.default-dispatcher-51 
Refresh token is not empty

2015-04-24 17:42:37,988 - [INFO] - from application in play-akka.actor.default-dispatcher-51 
Store the credentials for: malcolmdcosta@gmail.com

2015-04-24 17:42:38,001 - [INFO] - from application in play-akka.actor.default-dispatcher-51 
access and refresh token has been updated in the database for: malcolmdcosta@gmail.com

2015-04-24 17:42:38,003 - [INFO] - from application in play-akka.actor.default-dispatcher-51 
1

2015-04-24 17:42:38,084 - [INFO] - from application in play-akka.actor.default-dispatcher-51 
LOGIN: {"email":"malcolmdcosta@gmail.com","family_name":"Dcosta","gender":"male","given_name":"Malcolm","id":"115827763168153313796","link":"https://plus.google.com/115827763168153313796","locale":"en","name":"Malcolm Dcosta","picture":"https://lh3.googleusercontent.com/-XdUIqdMkCWA/AAAAAAAAAAI/AAAAAAAAAAA/4252rscbv5M/photo.jpg","verified_email":true}

2015-04-24 17:43:21,948 - [INFO] - from application in play-akka.actor.default-dispatcher-61 
Refresh token is not empty

2015-04-24 17:43:21,950 - [INFO] - from application in play-akka.actor.default-dispatcher-61 
Store the credentials for: cplsubjectbook@gmail.com

2015-04-24 17:43:21,957 - [INFO] - from application in play-akka.actor.default-dispatcher-61 
access and refresh token has been updated in the database for: cplsubjectbook@gmail.com

2015-04-24 17:43:21,958 - [INFO] - from application in play-akka.actor.default-dispatcher-61 
1

2015-04-24 17:43:22,042 - [INFO] - from application in play-akka.actor.default-dispatcher-61 
LOGIN: {"email":"cplsubjectbook@gmail.com","family_name":"Subjectbook","given_name":"Cpl","id":"108760198166270622526","link":"https://plus.google.com/108760198166270622526","locale":"en","name":"Cpl Subjectbook","picture":"https://lh3.googleusercontent.com/-XdUIqdMkCWA/AAAAAAAAAAI/AAAAAAAAAAA/4252rscbv5M/photo.jpg","verified_email":true}

2015-04-24 17:43:30,596 - [INFO] - from application in play-akka.actor.default-dispatcher-63 
Show Study Number: 28

2015-04-24 17:43:32,708 - [INFO] - from application in play-akka.actor.default-dispatcher-54 
Show Subject Number: I001 For Study: 28

2015-04-24 17:43:34,118 - [DEBUG] - from application in play-akka.actor.default-dispatcher-65 
Download the signal from Google Drive, Signal Type is: 1

2015-04-24 17:43:35,379 - [DEBUG] - from application in play-akka.actor.default-dispatcher-65 
After getting the file as Inputstream from Google Drive

2015-04-24 17:43:35,381 - [INFO] - from application in play-akka.actor.default-dispatcher-65 
Try to read from excel file with activity

2015-04-24 17:43:36,219 - [INFO] - from application in play-akka.actor.default-dispatcher-65 
We are trying to read the activity file

2015-04-24 17:43:36,260 - [INFO] - from application in play-akka.actor.default-dispatcher-65 
We We finished reading the activity file

2015-04-24 17:43:36,662 - [INFO] - from application in play-akka.actor.default-dispatcher-65 
From ReadExcelJava before getting the header

2015-04-24 17:43:36,668 - [INFO] - from application in play-akka.actor.default-dispatcher-65 
From ReadExcelJava after getting the header

2015-04-24 17:43:37,134 - [INFO] - from application in play-akka.actor.default-dispatcher-65 
Time spent in method fromExcelInput with activity is :872786200

2015-04-24 17:43:37,668 - [INFO] - from application in play-akka.actor.default-dispatcher-65 
Open The info File with URL: 0BzuoB3uc0tTVOV91Z0k5ak1jeG8

2015-04-24 17:43:38,011 - [INFO] - from application in play-akka.actor.default-dispatcher-59 
Open The info File with URL: 0BzuoB3uc0tTVVFgtc1pUbFBlMEE

2015-04-24 17:55:59,111 - [INFO] - from application in play-akka.actor.default-dispatcher-67 
Refresh token is not empty

2015-04-24 17:55:59,112 - [INFO] - from application in play-akka.actor.default-dispatcher-67 
Store the credentials for: cplsubjectbook@gmail.com

2015-04-24 17:55:59,119 - [INFO] - from application in play-akka.actor.default-dispatcher-67 
access and refresh token has been updated in the database for: cplsubjectbook@gmail.com

2015-04-24 17:55:59,121 - [INFO] - from application in play-akka.actor.default-dispatcher-67 
1

2015-04-24 17:55:59,235 - [INFO] - from application in play-akka.actor.default-dispatcher-67 
LOGIN: {"email":"cplsubjectbook@gmail.com","family_name":"Subjectbook","given_name":"Cpl","id":"108760198166270622526","link":"https://plus.google.com/108760198166270622526","locale":"en","name":"Cpl Subjectbook","picture":"https://lh3.googleusercontent.com/-XdUIqdMkCWA/AAAAAAAAAAI/AAAAAAAAAAA/4252rscbv5M/photo.jpg","verified_email":true}

2015-04-24 17:56:01,547 - [INFO] - from application in play-akka.actor.default-dispatcher-66 
Show Study Number: 17

2015-04-24 17:56:06,641 - [INFO] - from application in play-akka.actor.default-dispatcher-71 
Show Subject Number: T001 For Study: 17

2015-04-24 17:56:08,378 - [DEBUG] - from application in play-akka.actor.default-dispatcher-69 
Download the signal from Google Drive, Signal Type is: 1

2015-04-24 17:56:08,677 - [DEBUG] - from application in play-akka.actor.default-dispatcher-73 
Download the signal from Google Drive, Signal Type is: 4

2015-04-24 17:56:08,950 - [DEBUG] - from application in play-akka.actor.default-dispatcher-72 
Download the signal from Google Drive, Signal Type is: 5

2015-04-24 17:56:09,830 - [DEBUG] - from application in play-akka.actor.default-dispatcher-69 
After getting the file as Inputstream from Google Drive

2015-04-24 17:56:09,831 - [INFO] - from application in play-akka.actor.default-dispatcher-69 
Try to read from excel file without activity

2015-04-24 17:56:09,892 - [DEBUG] - from application in play-akka.actor.default-dispatcher-73 
After getting the file as Inputstream from Google Drive

2015-04-24 17:56:09,895 - [INFO] - from application in play-akka.actor.default-dispatcher-73 
Try to read from excel file without activity

2015-04-24 17:56:09,901 - [INFO] - from application in play-akka.actor.default-dispatcher-73 
Before Entering the loop that will build the header

2015-04-24 17:56:09,903 - [INFO] - from application in play-akka.actor.default-dispatcher-73 
After getting the header

2015-04-24 17:56:09,904 - [INFO] - from application in play-akka.actor.default-dispatcher-73 
Before Entering the loop that will build the Content

2015-04-24 17:56:09,907 - [INFO] - from application in play-akka.actor.default-dispatcher-73 
After getting Content

2015-04-24 17:56:09,910 - [INFO] - from application in play-akka.actor.default-dispatcher-73 
Time spent in method fromExcelInput is :13961000

2015-04-24 17:56:10,191 - [INFO] - from application in play-akka.actor.default-dispatcher-69 
Before Entering the loop that will build the header

2015-04-24 17:56:10,192 - [INFO] - from application in play-akka.actor.default-dispatcher-69 
After getting the header

2015-04-24 17:56:10,193 - [INFO] - from application in play-akka.actor.default-dispatcher-69 
Before Entering the loop that will build the Content

2015-04-24 17:56:10,244 - [INFO] - from application in play-akka.actor.default-dispatcher-69 
After getting Content

2015-04-24 17:56:10,385 - [INFO] - from application in play-akka.actor.default-dispatcher-69 
Time spent in method fromExcelInput is :552625100

2015-04-24 17:56:10,817 - [INFO] - from application in play-akka.actor.default-dispatcher-69 
Open The info File with URL: 0BzuoB3uc0tTVT2pJU2VxMk5uWVU

2015-04-24 17:56:11,342 - [DEBUG] - from application in play-akka.actor.default-dispatcher-72 
After getting the file as Inputstream from Google Drive

2015-04-24 17:56:11,344 - [INFO] - from application in play-akka.actor.default-dispatcher-72 
Try to read from excel file without activity

2015-04-24 17:56:12,452 - [INFO] - from application in play-akka.actor.default-dispatcher-72 
Before Entering the loop that will build the header

2015-04-24 17:56:12,453 - [INFO] - from application in play-akka.actor.default-dispatcher-72 
After getting the header

2015-04-24 17:56:12,454 - [INFO] - from application in play-akka.actor.default-dispatcher-72 
Before Entering the loop that will build the Content

2015-04-24 17:56:13,001 - [INFO] - from application in play-akka.actor.default-dispatcher-72 
After getting Content

2015-04-24 17:56:13,887 - [INFO] - from application in play-akka.actor.default-dispatcher-72 
Time spent in method fromExcelInput is :2542348900

2015-04-24 17:56:38,919 - [DEBUG] - from application in play-akka.actor.default-dispatcher-66 
Download the signal from Google Drive, Signal Type is: 1

2015-04-24 17:56:39,197 - [DEBUG] - from application in play-akka.actor.default-dispatcher-67 
Download the signal from Google Drive, Signal Type is: 2

2015-04-24 17:56:39,456 - [DEBUG] - from application in play-akka.actor.default-dispatcher-71 
Download the signal from Google Drive, Signal Type is: 5

2015-04-24 17:56:40,789 - [DEBUG] - from application in play-akka.actor.default-dispatcher-66 
After getting the file as Inputstream from Google Drive

2015-04-24 17:56:40,790 - [INFO] - from application in play-akka.actor.default-dispatcher-66 
Try to read from excel file without activity

2015-04-24 17:56:41,137 - [INFO] - from application in play-akka.actor.default-dispatcher-66 
Before Entering the loop that will build the header

2015-04-24 17:56:41,138 - [INFO] - from application in play-akka.actor.default-dispatcher-66 
After getting the header

2015-04-24 17:56:41,139 - [INFO] - from application in play-akka.actor.default-dispatcher-66 
Before Entering the loop that will build the Content

2015-04-24 17:56:41,214 - [INFO] - from application in play-akka.actor.default-dispatcher-66 
After getting Content

2015-04-24 17:56:41,376 - [INFO] - from application in play-akka.actor.default-dispatcher-66 
Time spent in method fromExcelInput is :585048400

2015-04-24 17:56:42,012 - [DEBUG] - from application in play-akka.actor.default-dispatcher-71 
After getting the file as Inputstream from Google Drive

2015-04-24 17:56:42,013 - [INFO] - from application in play-akka.actor.default-dispatcher-71 
Try to read from excel file without activity

2015-04-24 17:56:43,346 - [DEBUG] - from application in play-akka.actor.default-dispatcher-67 
After getting the file as Inputstream from Google Drive

2015-04-24 17:56:43,347 - [INFO] - from application in play-akka.actor.default-dispatcher-67 
Try to read from excel file without activity

2015-04-24 17:56:43,650 - [INFO] - from application in play-akka.actor.default-dispatcher-67 
Before Entering the loop that will build the header

2015-04-24 17:56:43,653 - [INFO] - from application in play-akka.actor.default-dispatcher-67 
After getting the header

2015-04-24 17:56:43,667 - [INFO] - from application in play-akka.actor.default-dispatcher-67 
Before Entering the loop that will build the Content

2015-04-24 17:56:43,790 - [INFO] - from application in play-akka.actor.default-dispatcher-67 
After getting Content

2015-04-24 17:56:43,793 - [INFO] - from application in play-akka.actor.default-dispatcher-67 
Time spent in method fromExcelInput is :445073800

2015-04-24 17:56:43,835 - [INFO] - from application in play-akka.actor.default-dispatcher-71 
Before Entering the loop that will build the header

2015-04-24 17:56:43,836 - [INFO] - from application in play-akka.actor.default-dispatcher-71 
After getting the header

2015-04-24 17:56:43,837 - [INFO] - from application in play-akka.actor.default-dispatcher-71 
Before Entering the loop that will build the Content

2015-04-24 17:56:44,058 - [DEBUG] - from application in play-akka.actor.default-dispatcher-66 
Download the signal from Google Drive, Signal Type is: 2

2015-04-24 17:56:44,063 - [DEBUG] - from application in play-akka.actor.default-dispatcher-67 
Download the signal from Google Drive, Signal Type is: 5

2015-04-24 17:56:48,784 - [DEBUG] - from application in play-akka.actor.default-dispatcher-68 
Download the signal from Google Drive, Signal Type is: 1

2015-04-24 17:56:50,089 - [INFO] - from application in play-akka.actor.default-dispatcher-71 
After getting Content

2015-04-24 17:56:50,397 - [DEBUG] - from application in play-akka.actor.default-dispatcher-68 
After getting the file as Inputstream from Google Drive

2015-04-24 17:56:50,398 - [INFO] - from application in play-akka.actor.default-dispatcher-68 
Try to read from excel file without activity

2015-04-24 17:56:50,786 - [INFO] - from application in play-akka.actor.default-dispatcher-68 
Before Entering the loop that will build the header

2015-04-24 17:56:50,787 - [INFO] - from application in play-akka.actor.default-dispatcher-68 
After getting the header

2015-04-24 17:56:50,788 - [INFO] - from application in play-akka.actor.default-dispatcher-68 
Before Entering the loop that will build the Content

2015-04-24 17:56:50,870 - [INFO] - from application in play-akka.actor.default-dispatcher-68 
After getting Content

2015-04-24 17:56:51,074 - [INFO] - from application in play-akka.actor.default-dispatcher-68 
Time spent in method fromExcelInput is :674905400

2015-04-24 17:56:51,286 - [INFO] - from application in play-akka.actor.default-dispatcher-71 
Time spent in method fromExcelInput is :9271861600

2015-04-24 17:56:52,182 - [DEBUG] - from application in play-akka.actor.default-dispatcher-67 
After getting the file as Inputstream from Google Drive

2015-04-24 17:56:52,183 - [INFO] - from application in play-akka.actor.default-dispatcher-67 
Try to read from excel file without activity

2015-04-24 17:56:52,998 - [DEBUG] - from application in play-akka.actor.default-dispatcher-66 
After getting the file as Inputstream from Google Drive

2015-04-24 17:56:53,000 - [INFO] - from application in play-akka.actor.default-dispatcher-66 
Try to read from excel file without activity

2015-04-24 17:56:53,326 - [INFO] - from application in play-akka.actor.default-dispatcher-66 
Before Entering the loop that will build the header

2015-04-24 17:56:53,327 - [INFO] - from application in play-akka.actor.default-dispatcher-66 
After getting the header

2015-04-24 17:56:53,328 - [INFO] - from application in play-akka.actor.default-dispatcher-66 
Before Entering the loop that will build the Content

2015-04-24 17:56:54,757 - [INFO] - from application in play-akka.actor.default-dispatcher-66 
After getting Content

2015-04-24 17:56:54,759 - [INFO] - from application in play-akka.actor.default-dispatcher-66 
Time spent in method fromExcelInput is :1758884000

2015-04-24 17:56:54,876 - [INFO] - from application in play-akka.actor.default-dispatcher-67 
Before Entering the loop that will build the header

2015-04-24 17:56:54,877 - [INFO] - from application in play-akka.actor.default-dispatcher-67 
After getting the header

2015-04-24 17:56:54,878 - [INFO] - from application in play-akka.actor.default-dispatcher-67 
Before Entering the loop that will build the Content

2015-04-24 17:56:55,472 - [INFO] - from application in play-akka.actor.default-dispatcher-67 
After getting Content

2015-04-24 17:56:56,973 - [INFO] - from application in play-akka.actor.default-dispatcher-67 
Time spent in method fromExcelInput is :4789730600

2015-04-24 18:17:40,230 - [INFO] - from application in play-akka.actor.default-dispatcher-81 
Refresh token is not empty

2015-04-24 18:17:40,231 - [INFO] - from application in play-akka.actor.default-dispatcher-81 
Store the credentials for: cplsubjectbook@gmail.com

2015-04-24 18:17:40,238 - [INFO] - from application in play-akka.actor.default-dispatcher-81 
access and refresh token has been updated in the database for: cplsubjectbook@gmail.com

2015-04-24 18:17:40,239 - [INFO] - from application in play-akka.actor.default-dispatcher-81 
1

2015-04-24 18:17:40,307 - [INFO] - from application in play-akka.actor.default-dispatcher-81 
LOGIN: {"email":"cplsubjectbook@gmail.com","family_name":"Subjectbook","given_name":"Cpl","id":"108760198166270622526","link":"https://plus.google.com/108760198166270622526","locale":"en","name":"Cpl Subjectbook","picture":"https://lh3.googleusercontent.com/-XdUIqdMkCWA/AAAAAAAAAAI/AAAAAAAAAAA/4252rscbv5M/photo.jpg","verified_email":true}

2015-04-24 20:32:32,093 - [INFO] - from application in play-akka.actor.default-dispatcher-94 
Refresh token is not empty

2015-04-24 20:32:32,095 - [INFO] - from application in play-akka.actor.default-dispatcher-94 
Store the credentials for: taamneh83@gmail.com

2015-04-24 20:32:32,103 - [INFO] - from application in play-akka.actor.default-dispatcher-94 
access and refresh token has been updated in the database for: taamneh83@gmail.com

2015-04-24 20:32:32,104 - [INFO] - from application in play-akka.actor.default-dispatcher-94 
1

2015-04-24 20:32:32,181 - [INFO] - from application in play-akka.actor.default-dispatcher-94 
LOGIN: {"email":"taamneh83@gmail.com","family_name":"Taamneh","gender":"male","given_name":"Salah","id":"110659986255020131904","link":"https://plus.google.com/110659986255020131904","locale":"en","name":"Salah Taamneh","picture":"https://lh6.googleusercontent.com/-IDSHcTjG6Eo/AAAAAAAAAAI/AAAAAAAAAKs/U5z_DF0mhbE/photo.jpg","verified_email":true}

2015-04-24 20:33:05,321 - [INFO] - from application in play-akka.actor.default-dispatcher-99 
Show Study Number: 1

2015-04-24 20:33:44,764 - [INFO] - from application in play-akka.actor.default-dispatcher-99 
Show Subject Number: T031 For Study: 1

2015-04-24 20:58:57,982 - [INFO] - from application in play-akka.actor.default-dispatcher-111 
Show Subject Number: T054 For Study: 1

2015-04-24 20:59:59,568 - [DEBUG] - from application in play-akka.actor.default-dispatcher-112 
Download the signal from Google Drive, Signal Type is: 1

2015-04-24 20:59:59,945 - [DEBUG] - from application in play-akka.actor.default-dispatcher-111 
Download the signal from Google Drive, Signal Type is: 3

2015-04-24 21:00:00,333 - [DEBUG] - from application in play-akka.actor.default-dispatcher-119 
Download the signal from Google Drive, Signal Type is: 4

2015-04-24 21:00:01,375 - [DEBUG] - from application in play-akka.actor.default-dispatcher-112 
After getting the file as Inputstream from Google Drive

2015-04-24 21:00:01,376 - [INFO] - from application in play-akka.actor.default-dispatcher-112 
Try to read from excel file without activity

2015-04-24 21:00:01,610 - [DEBUG] - from application in play-akka.actor.default-dispatcher-119 
After getting the file as Inputstream from Google Drive

2015-04-24 21:00:01,611 - [INFO] - from application in play-akka.actor.default-dispatcher-119 
Try to read from excel file without activity

2015-04-24 21:00:01,617 - [INFO] - from application in play-akka.actor.default-dispatcher-119 
Before Entering the loop that will build the header

2015-04-24 21:00:01,618 - [INFO] - from application in play-akka.actor.default-dispatcher-119 
After getting the header

2015-04-24 21:00:01,619 - [INFO] - from application in play-akka.actor.default-dispatcher-119 
Before Entering the loop that will build the Content

2015-04-24 21:00:01,622 - [INFO] - from application in play-akka.actor.default-dispatcher-119 
After getting Content

2015-04-24 21:00:01,624 - [INFO] - from application in play-akka.actor.default-dispatcher-119 
Time spent in method fromExcelInput is :11956500

2015-04-24 21:00:01,711 - [INFO] - from application in play-akka.actor.default-dispatcher-112 
Before Entering the loop that will build the header

2015-04-24 21:00:01,712 - [INFO] - from application in play-akka.actor.default-dispatcher-112 
After getting the header

2015-04-24 21:00:01,713 - [INFO] - from application in play-akka.actor.default-dispatcher-112 
Before Entering the loop that will build the Content

2015-04-24 21:00:01,758 - [INFO] - from application in play-akka.actor.default-dispatcher-112 
After getting Content

2015-04-24 21:00:01,910 - [INFO] - from application in play-akka.actor.default-dispatcher-112 
Time spent in method fromExcelInput is :533188200

2015-04-24 21:00:02,713 - [DEBUG] - from application in play-akka.actor.default-dispatcher-111 
After getting the file as Inputstream from Google Drive

2015-04-24 21:00:02,714 - [INFO] - from application in play-akka.actor.default-dispatcher-111 
Try to read from excel file without activity

2015-04-24 21:00:02,836 - [INFO] - from application in play-akka.actor.default-dispatcher-111 
Before Entering the loop that will build the header

2015-04-24 21:00:02,840 - [INFO] - from application in play-akka.actor.default-dispatcher-111 
After getting the header

2015-04-24 21:00:02,841 - [INFO] - from application in play-akka.actor.default-dispatcher-111 
Before Entering the loop that will build the Content

2015-04-24 21:00:02,869 - [INFO] - from application in play-akka.actor.default-dispatcher-111 
After getting Content

2015-04-24 21:00:02,871 - [INFO] - from application in play-akka.actor.default-dispatcher-111 
Time spent in method fromExcelInput is :156614200

2015-04-24 21:00:08,080 - [INFO] - from application in play-akka.actor.default-dispatcher-111 
Open The info File with URL: 0BzuoB3uc0tTVSzE2Nl9DR0VHdWs

